<?xml version="1.0" encoding="UTF-8"?>
<coverage generated="1666749283587" clover="3.2.0">
  <project timestamp="1666749283587" name="All files">
    <metrics statements="29" coveredstatements="25" conditionals="6" coveredconditionals="6" methods="12" coveredmethods="8" elements="47" coveredelements="39" complexity="0" loc="29" ncloc="29" packages="3" files="3" classes="3"/>
    <package name="config">
      <metrics statements="2" coveredstatements="2" conditionals="0" coveredconditionals="0" methods="0" coveredmethods="0"/>
      <file name="database.ts" path="/home/mauricio/Documentos/Driven/Projetos/matchIt_desafio_back-end/src/config/database.ts">
        <metrics statements="2" coveredstatements="2" conditionals="0" coveredconditionals="0" methods="0" coveredmethods="0"/>
        <line num="3" count="1" type="stmt"/>
        <line num="5" count="1" type="stmt"/>
      </file>
    </package>
    <package name="repositories">
      <metrics statements="7" coveredstatements="3" conditionals="0" coveredconditionals="0" methods="6" coveredmethods="2"/>
      <file name="companiesRepository.ts" path="/home/mauricio/Documentos/Driven/Projetos/matchIt_desafio_back-end/src/repositories/companiesRepository.ts">
        <metrics statements="7" coveredstatements="3" conditionals="0" coveredconditionals="0" methods="6" coveredmethods="2"/>
        <line num="5" count="1" type="stmt"/>
        <line num="9" count="1" type="stmt"/>
        <line num="13" count="0" type="stmt"/>
        <line num="17" count="0" type="stmt"/>
        <line num="21" count="0" type="stmt"/>
        <line num="25" count="0" type="stmt"/>
        <line num="35" count="1" type="stmt"/>
      </file>
    </package>
    <package name="services">
      <metrics statements="20" coveredstatements="20" conditionals="6" coveredconditionals="6" methods="6" coveredmethods="6"/>
      <file name="companiesService.ts" path="/home/mauricio/Documentos/Driven/Projetos/matchIt_desafio_back-end/src/services/companiesService.ts">
        <metrics statements="20" coveredstatements="20" conditionals="6" coveredconditionals="6" methods="6" coveredmethods="6"/>
        <line num="7" count="3" type="stmt"/>
        <line num="8" count="3" type="cond" truecount="1" falsecount="0"/>
        <line num="9" count="1" type="stmt"/>
        <line num="11" count="2" type="stmt"/>
        <line num="15" count="1" type="stmt"/>
        <line num="16" count="1" type="stmt"/>
        <line num="21" count="2" type="stmt"/>
        <line num="23" count="1" type="stmt"/>
        <line num="28" count="1" type="stmt"/>
        <line num="30" count="1" type="stmt"/>
        <line num="32" count="1" type="stmt"/>
        <line num="36" count="3" type="stmt"/>
        <line num="37" count="3" type="cond" truecount="2" falsecount="0"/>
        <line num="38" count="1" type="stmt"/>
        <line num="40" count="2" type="stmt"/>
        <line num="44" count="1" type="cond" truecount="1" falsecount="0"/>
        <line num="45" count="1" type="cond" truecount="1" falsecount="0"/>
        <line num="46" count="1" type="cond" truecount="1" falsecount="0"/>
        <line num="48" count="1" type="stmt"/>
        <line num="51" count="1" type="stmt"/>
      </file>
    </package>
  </project>
</coverage>
