{"/home/mauricio/Documentos/Driven/Projetos/matchIt_desafio_back-end/src/config/database.ts": {"path":"/home/mauricio/Documentos/Driven/Projetos/matchIt_desafio_back-end/src/config/database.ts","statementMap":{"0":{"start":{"line":3,"column":25},"end":{"line":3,"column":28}},"1":{"start":{"line":5,"column":15},"end":{"line":5,"column":33}}},"fnMap":{},"branchMap":{},"s":{"0":1,"1":1},"f":{},"b":{}}
,"/home/mauricio/Documentos/Driven/Projetos/matchIt_desafio_back-end/src/repositories/companiesRepository.ts": {"path":"/home/mauricio/Documentos/Driven/Projetos/matchIt_desafio_back-end/src/repositories/companiesRepository.ts","statementMap":{"0":{"start":{"line":6,"column":4},"end":{"line":6,"column":null}},"1":{"start":{"line":10,"column":4},"end":{"line":10,"column":null}},"2":{"start":{"line":14,"column":4},"end":{"line":14,"column":43}},"3":{"start":{"line":18,"column":4},"end":{"line":18,"column":null}},"4":{"start":{"line":22,"column":4},"end":{"line":22,"column":null}},"5":{"start":{"line":26,"column":4},"end":{"line":33,"column":null}},"6":{"start":{"line":36,"column":35},"end":{"line":43,"column":null}}},"fnMap":{"0":{"name":"findCompanyCNPJ","decl":{"start":{"line":5,"column":15},"end":{"line":5,"column":30}},"loc":{"start":{"line":5,"column":44},"end":{"line":7,"column":null}}},"1":{"name":"registerCompany","decl":{"start":{"line":9,"column":15},"end":{"line":9,"column":30}},"loc":{"start":{"line":9,"column":58},"end":{"line":11,"column":null}}},"2":{"name":"getAllCompanies","decl":{"start":{"line":13,"column":15},"end":{"line":13,"column":30}},"loc":{"start":{"line":13,"column":30},"end":{"line":15,"column":null}}},"3":{"name":"checkCompanyById","decl":{"start":{"line":17,"column":15},"end":{"line":17,"column":31}},"loc":{"start":{"line":17,"column":43},"end":{"line":19,"column":null}}},"4":{"name":"deleteCompanyById","decl":{"start":{"line":21,"column":15},"end":{"line":21,"column":32}},"loc":{"start":{"line":21,"column":43},"end":{"line":23,"column":null}}},"5":{"name":"updateCompanyById","decl":{"start":{"line":25,"column":15},"end":{"line":25,"column":32}},"loc":{"start":{"line":25,"column":71},"end":{"line":34,"column":null}}}},"branchMap":{},"s":{"0":1,"1":1,"2":0,"3":0,"4":0,"5":0,"6":1},"f":{"0":1,"1":1,"2":0,"3":0,"4":0,"5":0},"b":{}}
,"/home/mauricio/Documentos/Driven/Projetos/matchIt_desafio_back-end/src/services/companiesService.ts": {"path":"/home/mauricio/Documentos/Driven/Projetos/matchIt_desafio_back-end/src/services/companiesService.ts","statementMap":{"0":{"start":{"line":7,"column":29},"end":{"line":7,"column":84}},"1":{"start":{"line":8,"column":4},"end":{"line":10,"column":null}},"2":{"start":{"line":9,"column":8},"end":{"line":9,"column":null}},"3":{"start":{"line":11,"column":4},"end":{"line":11,"column":55}},"4":{"start":{"line":15,"column":22},"end":{"line":15,"column":65}},"5":{"start":{"line":16,"column":4},"end":{"line":16,"column":21}},"6":{"start":{"line":21,"column":4},"end":{"line":21,"column":53}},"7":{"start":{"line":23,"column":4},"end":{"line":23,"column":59}},"8":{"start":{"line":28,"column":21},"end":{"line":28,"column":69}},"9":{"start":{"line":30,"column":27},"end":{"line":30,"column":81}},"10":{"start":{"line":32,"column":4},"end":{"line":32,"column":75}},"11":{"start":{"line":36,"column":21},"end":{"line":36,"column":74}},"12":{"start":{"line":37,"column":4},"end":{"line":40,"column":25}},"13":{"start":{"line":38,"column":8},"end":{"line":38,"column":null}},"14":{"start":{"line":40,"column":9},"end":{"line":40,"column":25}},"15":{"start":{"line":44,"column":4},"end":{"line":44,"column":91}},"16":{"start":{"line":44,"column":40},"end":{"line":44,"column":91}},"17":{"start":{"line":45,"column":4},"end":{"line":45,"column":91}},"18":{"start":{"line":45,"column":40},"end":{"line":45,"column":91}},"19":{"start":{"line":46,"column":4},"end":{"line":46,"column":100}},"20":{"start":{"line":46,"column":43},"end":{"line":46,"column":100}},"21":{"start":{"line":48,"column":4},"end":{"line":48,"column":30}},"22":{"start":{"line":51,"column":32},"end":{"line":58,"column":null}}},"fnMap":{"0":{"name":"createCompany","decl":{"start":{"line":6,"column":15},"end":{"line":6,"column":28}},"loc":{"start":{"line":6,"column":56},"end":{"line":12,"column":null}}},"1":{"name":"listCompanies","decl":{"start":{"line":14,"column":15},"end":{"line":14,"column":28}},"loc":{"start":{"line":14,"column":28},"end":{"line":17,"column":null}}},"2":{"name":"deleteCompany","decl":{"start":{"line":19,"column":15},"end":{"line":19,"column":28}},"loc":{"start":{"line":19,"column":47},"end":{"line":24,"column":null}}},"3":{"name":"updateCompany","decl":{"start":{"line":26,"column":15},"end":{"line":26,"column":28}},"loc":{"start":{"line":26,"column":76},"end":{"line":33,"column":null}}},"4":{"name":"checkCompanyId","decl":{"start":{"line":35,"column":15},"end":{"line":35,"column":29}},"loc":{"start":{"line":35,"column":49},"end":{"line":41,"column":null}}},"5":{"name":"updatedCompanyData","decl":{"start":{"line":43,"column":9},"end":{"line":43,"column":27}},"loc":{"start":{"line":43,"column":107},"end":{"line":49,"column":1}}}},"branchMap":{"0":{"loc":{"start":{"line":8,"column":4},"end":{"line":10,"column":null}},"type":"if","locations":[{"start":{"line":8,"column":4},"end":{"line":10,"column":null}}]},"1":{"loc":{"start":{"line":37,"column":4},"end":{"line":40,"column":25}},"type":"if","locations":[{"start":{"line":37,"column":4},"end":{"line":40,"column":25}},{"start":{"line":40,"column":9},"end":{"line":40,"column":25}}]},"2":{"loc":{"start":{"line":44,"column":4},"end":{"line":44,"column":91}},"type":"if","locations":[{"start":{"line":44,"column":4},"end":{"line":44,"column":91}}]},"3":{"loc":{"start":{"line":45,"column":4},"end":{"line":45,"column":91}},"type":"if","locations":[{"start":{"line":45,"column":4},"end":{"line":45,"column":91}}]},"4":{"loc":{"start":{"line":46,"column":4},"end":{"line":46,"column":100}},"type":"if","locations":[{"start":{"line":46,"column":4},"end":{"line":46,"column":100}}]}},"s":{"0":3,"1":3,"2":1,"3":2,"4":1,"5":1,"6":2,"7":1,"8":1,"9":1,"10":1,"11":3,"12":3,"13":1,"14":2,"15":1,"16":1,"17":1,"18":1,"19":1,"20":1,"21":1,"22":1},"f":{"0":3,"1":1,"2":2,"3":1,"4":3,"5":1},"b":{"0":[1],"1":[1,2],"2":[1],"3":[1],"4":[1]}}
}
