TN:
SF:src/config/database.ts
FNF:0
FNH:0
DA:3,1
DA:5,1
LF:2
LH:2
BRF:0
BRH:0
end_of_record
TN:
SF:src/repositories/companiesRepository.ts
FN:4,findCompanyCNPJ
FN:8,registerCompany
FN:12,getAllCompanies
FN:16,checkCompanyById
FN:20,deleteCompanyById
FN:24,updateCompanyById
FNF:6
FNH:2
FNDA:1,findCompanyCNPJ
FNDA:1,registerCompany
FNDA:0,getAllCompanies
FNDA:0,checkCompanyById
FNDA:0,deleteCompanyById
FNDA:0,updateCompanyById
DA:5,1
DA:9,1
DA:13,0
DA:17,0
DA:21,0
DA:25,0
DA:35,1
LF:7
LH:3
BRF:0
BRH:0
end_of_record
TN:
SF:src/services/companiesService.ts
FN:6,createCompany
FN:14,listCompanies
FN:19,deleteCompany
FN:24,updateCompany
FN:30,checkCompanyId
FN:38,updatedCompanyData
FNF:6
FNH:6
FNDA:3,createCompany
FNDA:1,listCompanies
FNDA:2,deleteCompany
FNDA:1,updateCompany
FNDA:3,checkCompanyId
FNDA:1,updatedCompanyData
DA:7,3
DA:8,3
DA:9,1
DA:11,2
DA:15,1
DA:16,1
DA:20,2
DA:21,1
DA:25,1
DA:26,1
DA:27,1
DA:31,3
DA:32,3
DA:33,1
DA:35,2
DA:39,1
DA:40,1
DA:41,1
DA:43,1
DA:46,1
LF:20
LH:20
BRDA:8,0,0,1
BRDA:32,1,0,1
BRDA:32,1,1,2
BRDA:39,2,0,1
BRDA:40,3,0,1
BRDA:41,4,0,1
BRF:6
BRH:6
end_of_record
