TN:
SF:src/config/database.ts
FNF:0
FNH:0
DA:3,1
DA:5,1
LF:2
LH:2
BRF:0
BRH:0
end_of_record
TN:
SF:src/repositories/companiesRepository.ts
FN:5,findCompanyCNPJ
FN:9,registerCompany
FN:13,getAllCompanies
FN:17,checkCompanyById
FN:21,deleteCompanyById
FN:25,updateCompanyById
FNF:6
FNH:2
FNDA:1,findCompanyCNPJ
FNDA:1,registerCompany
FNDA:0,getAllCompanies
FNDA:0,checkCompanyById
FNDA:0,deleteCompanyById
FNDA:0,updateCompanyById
DA:6,1
DA:10,1
DA:14,0
DA:18,0
DA:22,0
DA:26,0
DA:36,1
LF:7
LH:3
BRF:0
BRH:0
end_of_record
TN:
SF:src/services/companiesService.ts
FN:6,createCompany
FN:14,listCompanies
FN:19,deleteCompany
FN:26,updateCompany
FN:35,checkCompanyId
FN:43,updatedCompanyData
FNF:6
FNH:6
FNDA:3,createCompany
FNDA:1,listCompanies
FNDA:2,deleteCompany
FNDA:1,updateCompany
FNDA:3,checkCompanyId
FNDA:1,updatedCompanyData
DA:7,3
DA:8,3
DA:9,1
DA:11,2
DA:15,1
DA:16,1
DA:21,2
DA:23,1
DA:28,1
DA:30,1
DA:32,1
DA:36,3
DA:37,3
DA:38,1
DA:40,2
DA:44,1
DA:45,1
DA:46,1
DA:48,1
DA:51,1
LF:20
LH:20
BRDA:8,0,0,1
BRDA:37,1,0,1
BRDA:37,1,1,2
BRDA:44,2,0,1
BRDA:45,3,0,1
BRDA:46,4,0,1
BRF:6
BRH:6
end_of_record
